<?xml version="1.0" encoding="UTF-8"?>
<!-- Generated by org.testng.reporters.JUnitXMLReporter -->
<testsuite hostname="DESKTOP-6CBIR9F" ignored="0" name="FREE CRM Application Test Cases" tests="13" failures="0" timestamp="31 Aug 2019 19:12:36 GMT" time="250.0" errors="0">
  <testcase name="loginPageTitletest" time="0.14" classname="come.crm.qa.testcases.LoginPageTest"/>
  <testcase name="verifyHomePageTitleTest" time="0.016" classname="come.crm.qa.testcases.HomePageTest"/>
  <testcase name="verifyContactsLabelTest" time="0.042" classname="come.crm.qa.testcases.ContactsPageTest"/>
  <testcase name="androidLogoTest" time="3.062" classname="come.crm.qa.testcases.LoginPageTest"/>
  <testcase name="verifyCorrectUsernameTest" time="2.42" classname="come.crm.qa.testcases.HomePageTest"/>
  <testcase name="selectContactsTest" time="0.146" classname="come.crm.qa.testcases.ContactsPageTest"/>
  <testcase name="loginTest" time="8.272" classname="come.crm.qa.testcases.LoginPageTest"/>
  <testcase name="verifyContactsLinkTest" time="1.815" classname="come.crm.qa.testcases.HomePageTest"/>
  <testcase name="selectMultipleContactsTest" time="0.308" classname="come.crm.qa.testcases.ContactsPageTest"/>
  <testcase name="validateCreateNewContactLink" time="0.606" classname="come.crm.qa.testcases.ContactsPageTest"/>
  <testcase name="validateNewContact" time="3.497" classname="come.crm.qa.testcases.ContactsPageTest"/>
  <testcase name="validateNewContact" time="3.859" classname="come.crm.qa.testcases.ContactsPageTest"/>
  <testcase name="validateNewContact" time="3.582" classname="come.crm.qa.testcases.ContactsPageTest"/>
</testsuite> <!-- FREE CRM Application Test Cases -->
